<?xml version="1.0" encoding="UTF-8"?>
<!-- Generated by org.testng.reporters.JUnitReportReporter -->
<testsuite hostname="asd1552po01976" name="TestClass" tests="4" failures="0" timestamp="3 Aug 2016 21:25:37 GMT" time="0.445" errors="0">
  <testcase name="verify_Month_Text_Data" time="0.082" classname="TestClass"/>
  <testcase name="verify_Day_Text_Data" time="0.200" classname="TestClass"/>
  <testcase name="verify_Year_Text_Data" time="0.086" classname="TestClass"/>
  <testcase name="verify_Hour_Text_Data" time="0.077" classname="TestClass"/>
</testsuite> <!-- TestClass -->
